<?xml version="1.0" encoding="UTF-8"?>
<testsuite name="reposense.model.SupportedDomainUrlMapTest" tests="2" skipped="0" failures="0" errors="0" timestamp="2024-01-18T13:20:47" hostname="TOP-WASHING-POW" time="0.004">
  <properties/>
  <testcase name="getDomainsAccessed_remoteRepositories_onlyRelevantDomainsAdded()" classname="reposense.model.SupportedDomainUrlMapTest" time="0.002"/>
  <testcase name="getDomainsAccessed_noRemote_onlyUnsupportedEntry()" classname="reposense.model.SupportedDomainUrlMapTest" time="0.001"/>
  <system-out><![CDATA[]]></system-out>
  <system-err><![CDATA[]]></system-err>
</testsuite>
