<?xml version="1.0" encoding="UTF-8"?>
<testsuite name="reposense.git.GitCheckoutTest" tests="5" skipped="0" failures="0" errors="0" timestamp="2024-01-18T13:20:41" hostname="TOP-WASHING-POW" time="7.426">
  <properties/>
  <testcase name="checkoutHashTest()" classname="reposense.git.GitCheckoutTest" time="2.176"/>
  <testcase name="checkout_validBranch_success()" classname="reposense.git.GitCheckoutTest" time="1.728"/>
  <testcase name="checkoutToDate_invalidDate_throwsEmptyCommitException()" classname="reposense.git.GitCheckoutTest" time="1.707"/>
  <testcase name="checkoutBranchTest()" classname="reposense.git.GitCheckoutTest" time="0.655"/>
  <testcase name="checkoutToDate_validDate_success()" classname="reposense.git.GitCheckoutTest" time="1.152"/>
  <system-out><![CDATA[]]></system-out>
  <system-err><![CDATA[09:20:47 - ?[43;30m[WARNING]?[m Line 7 in CSV file, repoconfig_redundantLines_test.csv, is malformed.
Content: [EMPTY LINE]
09:20:47 - ?[43;30m[WARNING]?[m Line 8 in CSV file, repoconfig_redundantLines_test.csv, is malformed.
Content: [EMPTY LINE]
]]></system-err>
</testsuite>
