<?xml version="1.0" encoding="UTF-8"?>
<testsuite name="reposense.git.GitUtilTest" tests="1" skipped="0" failures="0" errors="0" timestamp="2024-01-18T13:20:44" hostname="TOP-WASHING-POW" time="1.36">
  <properties/>
  <testcase name="gitUtil_convertToGitExcludeGlobArgs_success()" classname="reposense.git.GitUtilTest" time="1.36"/>
  <system-out><![CDATA[]]></system-out>
  <system-err><![CDATA[09:20:44 - Skipped cloning from https://github.com/reposense/testrepo-Alpha.git as it was cloned before.
09:20:44 - ?[43;30m[WARNING]?[m ../** will be skipped as this glob points to the outside of the repository.
09:20:44 - ?[43;30m[WARNING]?[m \** cannot start with / or \.
09:20:44 - ?[43;30m[WARNING]?[m /newPos/* cannot start with / or \.
]]></system-err>
</testsuite>
