<?xml version="1.0" encoding="UTF-8"?>
<testsuite name="reposense.model.CommitHashTest" tests="3" skipped="0" failures="0" errors="0" timestamp="2024-01-18T13:20:46" hostname="TOP-WASHING-POW" time="0.009">
  <properties/>
  <testcase name="validateCommits_invalidAlphabet_throwIllegalArgumentException()" classname="reposense.model.CommitHashTest" time="0.002"/>
  <testcase name="validateCommits_nonAlphanumeric_throwIllegalArgumentException()" classname="reposense.model.CommitHashTest" time="0.003"/>
  <testcase name="validateCommits_validHash_success()" classname="reposense.model.CommitHashTest" time="0.002"/>
  <system-out><![CDATA[]]></system-out>
  <system-err><![CDATA[]]></system-err>
</testsuite>
