<?xml version="1.0" encoding="UTF-8"?>
<testsuite name="reposense.git.GitRevParseTest" tests="2" skipped="0" failures="0" errors="0" timestamp="2024-01-18T13:20:42" hostname="TOP-WASHING-POW" time="4.725">
  <properties/>
  <testcase name="assertBranchExists_withNonExistentBranch_throwsGitBranchException()" classname="reposense.git.GitRevParseTest" time="2.605"/>
  <testcase name="assertBranchExists_withExistingBranch_success()" classname="reposense.git.GitRevParseTest" time="2.116"/>
  <system-out><![CDATA[]]></system-out>
  <system-err><![CDATA[]]></system-err>
</testsuite>
