<?xml version="1.0" encoding="UTF-8"?>
<testsuite name="reposense.parser.StandaloneConfigJsonParserTest" tests="6" skipped="0" failures="0" errors="0" timestamp="2024-01-18T13:20:46" hostname="TOP-WASHING-POW" time="0.344">
  <properties/>
  <testcase name="standaloneConfig_ignoresUnknownProperty_success()" classname="reposense.parser.StandaloneConfigJsonParserTest" time="0.269"/>
  <testcase name="standaloneConfig_parseEmptyTextFile_success()" classname="reposense.parser.StandaloneConfigJsonParserTest" time="0.002"/>
  <testcase name="standaloneConfig_githubIdOnlyConfig_success()" classname="reposense.parser.StandaloneConfigJsonParserTest" time="0.009"/>
  <testcase name="standaloneConfig_malformedJsonFile_throwsJsonSyntaxException()" classname="reposense.parser.StandaloneConfigJsonParserTest" time="0.029"/>
  <testcase name="standaloneConfig_correctConfig_success()" classname="reposense.parser.StandaloneConfigJsonParserTest" time="0.022"/>
  <testcase name="standaloneConfig_parseEmptyJsonFile_success()" classname="reposense.parser.StandaloneConfigJsonParserTest" time="0.004"/>
  <system-out><![CDATA[]]></system-out>
  <system-err><![CDATA[09:20:46 - ?[43;30m[WARNING]?[m Duplicate alias yong24s@users.noreply.github.com found. The alias will belong to the last author - yong24s
09:20:46 - ?[43;30m[WARNING]?[m Duplicate alias yong24s@users.noreply.gitlab.com found. The alias will belong to the last author - yong24s
09:20:46 - ?[43;30m[WARNING]?[m Duplicate alias yong24s found. The alias will belong to the last author - yong24s
09:20:46 - ?[43;30m[WARNING]?[m Duplicate alias yong hao teng found. The alias will belong to the last author - yong24s
09:20:46 - ?[43;30m[WARNING]?[m Duplicate alias yong24s@users.noreply.github.com found. The alias will belong to the last author - yong24s
09:20:46 - ?[43;30m[WARNING]?[m Duplicate alias yong24s@users.noreply.gitlab.com found. The alias will belong to the last author - yong24s
09:20:47 - Config path not provided, using the config folder as default.
]]></system-err>
</testsuite>
