<?xml version="1.0" encoding="UTF-8"?>
<testsuite name="reposense.parser.AuthorConfigLocationParserTest" tests="12" skipped="1" failures="0" errors="0" timestamp="2024-01-18T13:20:48" hostname="TOP-WASHING-POW" time="0.037">
  <properties/>
  <testcase name="parseLocation_localLocationSingleBranch_success()" classname="reposense.parser.AuthorConfigLocationParserTest" time="0.013"/>
  <testcase name="parseLocation_remoteLocationMultipleBranch_success()" classname="reposense.parser.AuthorConfigLocationParserTest" time="0.001"/>
  <testcase name="parseLocation_faultyGithubBranchUrl_null()" classname="reposense.parser.AuthorConfigLocationParserTest" time="0.001"/>
  <testcase name="parseLocation_remoteLocationDefault_success()" classname="reposense.parser.AuthorConfigLocationParserTest" time="0.0"/>
  <testcase name="parseLocation_actualLocalLocationContainingBothDelimiter_success()" classname="reposense.parser.AuthorConfigLocationParserTest" time="0.001">
    <skipped/>
  </testcase>
  <testcase name="parseLocation_actualLocalLocationContainingDelimiter_success()" classname="reposense.parser.AuthorConfigLocationParserTest" time="0.003"/>
  <testcase name="parseLocation_remoteLocationSingleBranch_success()" classname="reposense.parser.AuthorConfigLocationParserTest" time="0.001"/>
  <testcase name="parseLocation_emptyStringAfterDelimiter_success()" classname="reposense.parser.AuthorConfigLocationParserTest" time="0.002"/>
  <testcase name="parseLocation_localLocationDefault_success()" classname="reposense.parser.AuthorConfigLocationParserTest" time="0.0"/>
  <testcase name="parseLocation_githubBranchUrl_success()" classname="reposense.parser.AuthorConfigLocationParserTest" time="0.001"/>
  <testcase name="parseLocation_localLocationMultipleBranch_success()" classname="reposense.parser.AuthorConfigLocationParserTest" time="0.001"/>
  <testcase name="parseLocation_localLocationSingleBranchDelimiterInPath_success()" classname="reposense.parser.AuthorConfigLocationParserTest" time="0.001"/>
  <system-out><![CDATA[]]></system-out>
  <system-err><![CDATA[09:20:48 - ?[43;30m[WARNING]?[m Unable to run git remote command in directory: ..\path\to\repo
]]></system-err>
</testsuite>
