<?xml version="1.0" encoding="UTF-8"?>
<testsuite name="reposense.git.GitCloneTest" tests="1" skipped="0" failures="0" errors="0" timestamp="2024-01-18T13:20:42" hostname="TOP-WASHING-POW" time="2.138">
  <properties/>
  <testcase name="cloneTest_validRepo_success()" classname="reposense.git.GitCloneTest" time="2.138"/>
  <system-out><![CDATA[]]></system-out>
  <system-err><![CDATA[]]></system-err>
</testsuite>
