<?xml version="1.0" encoding="UTF-8"?>
<testsuite name="reposense.report.ErrorSummaryTest" tests="1" skipped="0" failures="0" errors="0" timestamp="2024-01-18T13:20:46" hostname="TOP-WASHING-POW" time="0.007">
  <properties/>
  <testcase name="errorSummary_addRepeatedErrorMessage_containsNoDuplicates()" classname="reposense.report.ErrorSummaryTest" time="0.007"/>
  <system-out><![CDATA[]]></system-out>
  <system-err><![CDATA[09:20:46 - ?[43;30m[WARNING]?[m Commit not found: nonExistentCommitHash
]]></system-err>
</testsuite>
