<?xml version="1.0" encoding="UTF-8"?>
<testsuite name="reposense.model.AuthorTest" tests="7" skipped="0" failures="0" errors="0" timestamp="2024-01-18T13:20:46" hostname="TOP-WASHING-POW" time="0.045">
  <properties/>
  <testcase name="setIgnoreGlobList_quoteInGlobPattern_throwIllegalArgumentException()" classname="reposense.model.AuthorTest" time="0.004"/>
  <testcase name="setIgnoreGlobList_semicolonInGlobPattern_throwIllegalArgumentException()" classname="reposense.model.AuthorTest" time="0.003"/>
  <testcase name="appendIgnoreGlobList_appendOrOperator_throwIllegalArgumentException()" classname="reposense.model.AuthorTest" time="0.004"/>
  <testcase name="appendIgnoreGlobList_validGlobRegex_success()" classname="reposense.model.AuthorTest" time="0.012"/>
  <testcase name="setEmail_validEmails_success()" classname="reposense.model.AuthorTest" time="0.005"/>
  <testcase name="setIgnoreGlobList_validGlobRegex_success()" classname="reposense.model.AuthorTest" time="0.003"/>
  <testcase name="setEmail_invalidEmails_throwIllegalArgumentException()" classname="reposense.model.AuthorTest" time="0.004"/>
  <system-out><![CDATA[]]></system-out>
  <system-err><![CDATA[]]></system-err>
</testsuite>
