<?xml version="1.0" encoding="UTF-8"?>
<testsuite name="reposense.authorship.FileInfoExtractorTest" tests="19" skipped="0" failures="0" errors="0" timestamp="2024-01-18T13:20:42" hostname="TOP-WASHING-POW" time="15.908">
  <properties/>
  <testcase name="generateFileInfo_fileExceedingSizeLimitAndLimitIgnored_correctFileInfoGenerated()" classname="reposense.authorship.FileInfoExtractorTest" time="2.956"/>
  <testcase name="generateFileInfo_fileExceedingSizeLimitAndSkipped_correctFileInfoGenerated()" classname="reposense.authorship.FileInfoExtractorTest" time="1.944"/>
  <testcase name="extractFileInfos_untilDateBeforeFirstCommit_emptyResult()" classname="reposense.authorship.FileInfoExtractorTest" time="0.723"/>
  <testcase name="getEditedFileInfos_editFileInfoBranchSinceFebrauryEight_success()" classname="reposense.authorship.FileInfoExtractorTest" time="1.482"/>
  <testcase name="extractFileInfosTest()" classname="reposense.authorship.FileInfoExtractorTest" time="0.855"/>
  <testcase name="extractFileInfos_sinceDateFebrauaryNineToLatestCommit_success()" classname="reposense.authorship.FileInfoExtractorTest" time="1.505"/>
  <testcase name="extractFileInfos_directoryWithValidWhitelistedName_success()" classname="reposense.authorship.FileInfoExtractorTest" time="1.024"/>
  <testcase name="extractFileInfos_withoutSpecifiedFormats_success()" classname="reposense.authorship.FileInfoExtractorTest" time="0.659"/>
  <testcase name="getEditedFileInfos_editFileInfoBranchSinceFebrauryEightSkipGlobs_success()" classname="reposense.authorship.FileInfoExtractorTest" time="0.535"/>
  <testcase name="generateFileInfo_fileExceedingSizeLimit_correctFileInfoGenerated()" classname="reposense.authorship.FileInfoExtractorTest" time="0.322"/>
  <testcase name="getFilesList_getBinaryFilesFromRepoWithTextFiles_success()" classname="reposense.authorship.FileInfoExtractorTest" time="0.658"/>
  <testcase name="extractFileInfos_sinceDateAfterLatestCommit_emptyResult()" classname="reposense.authorship.FileInfoExtractorTest" time="0.466"/>
  <testcase name="getEditedFileInfos_repoWithFilesWithSpaces_success()" classname="reposense.authorship.FileInfoExtractorTest" time="0.641"/>
  <testcase name="extractFileInfos_branchWithValidWhitelistedFileName_success()" classname="reposense.authorship.FileInfoExtractorTest" time="0.519"/>
  <testcase name="extractFileInfos_skipGlobs_success()" classname="reposense.authorship.FileInfoExtractorTest" time="0.414"/>
  <testcase name="getEditedFileInfos_editFileInfoBranchSinceFirstCommit_success()" classname="reposense.authorship.FileInfoExtractorTest" time="0.519"/>
  <testcase name="getFilesList_getTextFilesFromRepoWithBinaryFiles_success()" classname="reposense.authorship.FileInfoExtractorTest" time="0.43"/>
  <testcase name="generateFileInfo_fileWithoutSpecialCharacters_correctFileInfoGenerated()" classname="reposense.authorship.FileInfoExtractorTest" time="0.128"/>
  <testcase name="generateFileInfo_fileWithSpecialCharacters_correctFileInfoGenerated()" classname="reposense.authorship.FileInfoExtractorTest" time="0.11"/>
  <system-out><![CDATA[]]></system-out>
  <system-err><![CDATA[09:20:49 - ?[43;30m[WARNING]?[m Duplicate alias harryggg found. The alias will belong to the last author - harryggg
09:20:49 - ?[43;30m[WARNING]?[m Duplicate alias fakeauthor found. The alias will belong to the last author - fakeAuthor
09:20:49 - Parsed header of CSV file, author-config.csv, and recognized columns: Author's Emails,  Repository's Location,  Author's GitHub ID,  Branch,  Author's Display Name,  Ignore Glob List,  Author's Git Author Name
09:20:50 - Extracting relevant file info from https://github.com/reposense/testrepo-Alpha.git (master)...
09:20:52 - ?[43;30m[WARNING]?[m .. will be skipped as this glob points to the outside of the repository.
09:20:54 - Analyzing commits info for https://github.com/reposense/testrepo-Alpha.git (empty-commit-message)...
09:20:55 - Extracting relevant file info from https://github.com/reposense/testrepo-Alpha.git (master)...
09:20:55 - Analyzing commits info for https://github.com/reposense/testrepo-Alpha.git (751-CommitInfoAnalyzerTest-analyzeCommits_commitsWithEmptyCommitMessageTitleOrBody_success)...
09:20:56 - ?[43;30m[WARNING]?[m Duplicate alias harryggg found. The alias will belong to the last author - harryggg
09:20:56 - ?[43;30m[WARNING]?[m Duplicate alias fakeauthor found. The alias will belong to the last author - fakeAuthor
09:20:56 - Analyzing commits info for https://github.com/reposense/testrepo-Alpha.git (master)...
09:20:56 - Analyzing commits info for https://github.com/reposense/testrepo-Alpha.git (master)...
09:20:56 - Extracting relevant file info from https://github.com/reposense/testrepo-Alpha.git (master)...
09:20:57 - Analyzing commits info for https://github.com/reposense/testrepo-Alpha.git (751-CommitInfoAnalyzerTest-analyzeCommits_multipleCommitsWithCommitMessageBody_success)...
09:20:57 - Cloning completed!
09:20:57 - Analyzing commits info for https://github.com/reposense/testrepo-Alpha.git (1882-CommitInfoAnalyzerTest-analyzeCommits_mergeCommits_success)...
09:20:58 - Ignoring standalone config file in https://github.com/reposense/testrepo-Beta.git (master).
09:20:58 - Analyzing commits info for https://github.com/reposense/testrepo-Alpha.git (879-CommitInfoAnalyzerTest-analyzeCommits_commitsWithMultipleTags_success)...
]]></system-err>
</testsuite>
