<?xml version="1.0" encoding="UTF-8"?>
<testsuite name="reposense.parser.GroupConfigParserTest" tests="6" skipped="0" failures="0" errors="0" timestamp="2024-01-18T13:20:48" hostname="TOP-WASHING-POW" time="0.043">
  <properties/>
  <testcase name="groupConfig_differentColumnOrder_success()" classname="reposense.parser.GroupConfigParserTest" time="0.012"/>
  <testcase name="groupConfig_missingOptionalHeader_success()" classname="reposense.parser.GroupConfigParserTest" time="0.005"/>
  <testcase name="groupConfig_emptyLocation_success()" classname="reposense.parser.GroupConfigParserTest" time="0.005"/>
  <testcase name="groupConfig_missingMandatoryHeader_throwsInvalidCsvException()" classname="reposense.parser.GroupConfigParserTest" time="0.005"/>
  <testcase name="groupConfig_multipleLocations_success()" classname="reposense.parser.GroupConfigParserTest" time="0.005"/>
  <testcase name="groupConfig_unknownHeader_throwsInvalidHeaderException()" classname="reposense.parser.GroupConfigParserTest" time="0.006"/>
  <system-out><![CDATA[]]></system-out>
  <system-err><![CDATA[09:20:48 - Parsed header of CSV file, groupconfig_differentColumnOrder_test.csv, and recognized columns: Globs,  Group Name,  Repository's Location
09:20:48 - Parsed header of CSV file, groupconfig_emptyLocation_test.csv, and recognized columns: Globs,  Repository's Location,  Group Name
09:20:48 - ?[43;30m[WARNING]?[m Values in "File Size Limit" column should be positive integers.
09:20:48 - ?[43;30m[WARNING]?[m Ignoring unknown value no in yes column.
09:20:48 - Parsed header of CSV file, groupconfig_multipleLocation_test.csv, and recognized columns: Globs,  Repository's Location,  Group Name
]]></system-err>
</testsuite>
