<?xml version="1.0" encoding="UTF-8"?>
<testsuite name="reposense.authorship.FileAnalyzerTest" tests="18" skipped="0" failures="0" errors="0" timestamp="2024-01-18T13:20:42" hostname="TOP-WASHING-POW" time="19.242">
  <properties/>
  <testcase name="analyzeFile_filesWithEmptyEmailCommit_success()" classname="reposense.authorship.FileAnalyzerTest" time="5.596"/>
  <testcase name="analyzeTextFile_blameTestFileIgnoreRangedCommitShort_success()" classname="reposense.authorship.FileAnalyzerTest" time="1.452"/>
  <testcase name="analyzeFile_blameWithPreviousAuthorTestFileIgnoreAllCommit_success()" classname="reposense.authorship.FileAnalyzerTest" time="3.272"/>
  <testcase name="analyzeTextFile_blameTestFileIgnoreAllCommit_success()" classname="reposense.authorship.FileAnalyzerTest" time="0.43"/>
  <testcase name="analyzeTextFile_blameTestFileIgnoreFakeAuthorCommitFullHash_success()" classname="reposense.authorship.FileAnalyzerTest" time="0.366"/>
  <testcase name="movedFileBlameTest()" classname="reposense.authorship.FileAnalyzerTest" time="0.259"/>
  <testcase name="analyzeTextFile_fileExceedingFileSizeLimit_success()" classname="reposense.authorship.FileAnalyzerTest" time="3.826"/>
  <testcase name="analyzeFile_blameWithPreviousAuthorsIgnoreFirstCommitThatChangedLine_assignLineToUnknownAuthor()" classname="reposense.authorship.FileAnalyzerTest" time="0.569"/>
  <testcase name="analyzeBinaryFile_nonExistingFilePath_success()" classname="reposense.authorship.FileAnalyzerTest" time="0.177"/>
  <testcase name="analyzeTextFile_shouldIncludeLastModifiedDateInLines_success()" classname="reposense.authorship.FileAnalyzerTest" time="0.257"/>
  <testcase name="movedFileBlameTestDateRange()" classname="reposense.authorship.FileAnalyzerTest" time="0.383"/>
  <testcase name="analyzeBinaryFile_shouldSetLinesToBeEmpty_success()" classname="reposense.authorship.FileAnalyzerTest" time="0.4"/>
  <testcase name="analyzeTextFile_blameTestFileIgnoreRangedCommit_success()" classname="reposense.authorship.FileAnalyzerTest" time="0.53"/>
  <testcase name="analyzeTextFile_emailWithAdditionOperator_success()" classname="reposense.authorship.FileAnalyzerTest" time="0.276"/>
  <testcase name="blameTest()" classname="reposense.authorship.FileAnalyzerTest" time="0.165"/>
  <testcase name="blameWithPreviousAuthorsTest()" classname="reposense.authorship.FileAnalyzerTest" time="0.365"/>
  <testcase name="blameTestDateRange()" classname="reposense.authorship.FileAnalyzerTest" time="0.381"/>
  <testcase name="blameWithPreviousAuthorsTestDateRange()" classname="reposense.authorship.FileAnalyzerTest" time="0.523"/>
  <system-out><![CDATA[]]></system-out>
  <system-err><![CDATA[09:20:42 - ?[43;30m[WARNING]?[m Duplicate alias harryggg found. The alias will belong to the last author - harryggg
09:20:42 - ?[43;30m[WARNING]?[m Duplicate alias fakeauthor found. The alias will belong to the last author - fakeAuthor
09:20:48 - ?[43;30m[WARNING]?[m Duplicate alias harryggg found. The alias will belong to the last author - harryggg
09:20:50 - ?[43;30m[WARNING]?[m Duplicate alias harryggg found. The alias will belong to the last author - harryggg
09:20:50 - ?[43;30m[WARNING]?[m Duplicate alias fakeauthor found. The alias will belong to the last author - fakeAuthor
09:20:50 - ?[43;30m[WARNING]?[m Duplicate alias ‘Processed�‘Cooked� found. The alias will belong to the last author - ‘Processed�‘Cooked�
09:20:50 - ?[43;30m[WARNING]?[m Duplicate alias (codeeong) found. The alias will belong to the last author - (codeeong)
09:20:50 - ?[43;30m[WARNING]?[m Duplicate alias ^:jordancjq;$ found. The alias will belong to the last author - ^:jordancjq;$
09:20:53 - ?[43;30m[WARNING]?[m Duplicate alias harryggg found. The alias will belong to the last author - harryggg
09:20:53 - ?[43;30m[WARNING]?[m Duplicate alias fakeauthor found. The alias will belong to the last author - fakeAuthor
09:20:53 - ?[43;30m[WARNING]?[m Duplicate alias harryggg found. The alias will belong to the last author - harryggg
09:20:53 - ?[43;30m[WARNING]?[m Duplicate alias fakeauthor found. The alias will belong to the last author - fakeAuthor
09:20:54 - ?[43;30m[WARNING]?[m Duplicate alias harryggg found. The alias will belong to the last author - harryggg
09:20:54 - ?[43;30m[WARNING]?[m Duplicate alias fakeauthor found. The alias will belong to the last author - fakeAuthor
09:20:54 - ?[43;30m[WARNING]?[m Duplicate alias harryggg found. The alias will belong to the last author - harryggg
09:20:54 - ?[43;30m[WARNING]?[m Duplicate alias fakeauthor found. The alias will belong to the last author - fakeAuthor
09:20:54 - ?[43;30m[WARNING]?[m File "largeFile.json" has 1936170B size. The file size limit is set at 500000B. Exact line diffs will be excluded from report...
09:20:58 - ?[43;30m[WARNING]?[m Duplicate alias harryggg found. The alias will belong to the last author - harryggg
09:20:58 - ?[43;30m[WARNING]?[m Duplicate alias fakeauthor found. The alias will belong to the last author - fakeAuthor
09:20:58 - ?[43;30m[WARNING]?[m Duplicate alias harryggg found. The alias will belong to the last author - harryggg
09:20:58 - ?[43;30m[WARNING]?[m Duplicate alias fakeauthor found. The alias will belong to the last author - fakeAuthor
09:20:58 - ?[41;37m[ERROR]?[m Unable to analyze the file located at "/nonExistingJpgPicture.jpg" as the file is missing from your system. Skipping this file.
09:20:58 - ?[41;37m[ERROR]?[m Unable to analyze the file located at "/nonExistingPngPicture.png" as the file is missing from your system. Skipping this file.
09:20:58 - ?[43;30m[WARNING]?[m Duplicate alias harryggg found. The alias will belong to the last author - harryggg
09:20:58 - ?[43;30m[WARNING]?[m Duplicate alias fakeauthor found. The alias will belong to the last author - fakeAuthor
09:20:59 - ?[43;30m[WARNING]?[m Duplicate alias harryggg found. The alias will belong to the last author - harryggg
09:20:59 - ?[43;30m[WARNING]?[m Duplicate alias fakeauthor found. The alias will belong to the last author - fakeAuthor
09:20:59 - Cloning completed!
09:20:59 - ?[43;30m[WARNING]?[m Duplicate alias harryggg found. The alias will belong to the last author - harryggg
09:20:59 - ?[43;30m[WARNING]?[m Duplicate alias fakeauthor found. The alias will belong to the last author - fakeAuthor
09:20:59 - Skipped cloning from https://github.com/reposense/testrepo-Delta.git as it was cloned before.
09:20:59 - Ignoring standalone config file in https://github.com/reposense/testrepo-Beta.git (master).
09:20:59 - Ignoring standalone config file in https://github.com/reposense/testrepo-Delta.git (master).
09:20:59 - ?[43;30m[WARNING]?[m Duplicate alias harryggg found. The alias will belong to the last author - harryggg
09:20:59 - ?[43;30m[WARNING]?[m Duplicate alias fakeauthor found. The alias will belong to the last author - fakeAuthor
09:20:59 - Ignoring standalone config file in https://github.com/reposense/testrepo-Beta.git (master).
09:20:59 - Ignoring standalone config file in https://github.com/reposense/testrepo-Delta.git (master).
09:21:00 - ?[43;30m[WARNING]?[m Duplicate alias harryggg found. The alias will belong to the last author - harryggg
09:21:00 - ?[43;30m[WARNING]?[m Duplicate alias fakeauthor found. The alias will belong to the last author - fakeAuthor
09:21:00 - ?[43;30m[WARNING]?[m Duplicate alias harryggg found. The alias will belong to the last author - harryggg
09:21:00 - ?[43;30m[WARNING]?[m Duplicate alias fakeauthor found. The alias will belong to the last author - fakeAuthor
09:21:00 - Ignoring standalone config file in https://github.com/reposense/testrepo-Delta.git (master).
09:21:00 - ?[43;30m[WARNING]?[m Duplicate alias harryggg found. The alias will belong to the last author - harryggg
09:21:00 - ?[43;30m[WARNING]?[m Duplicate alias fakeauthor found. The alias will belong to the last author - fakeAuthor
09:21:00 - Ignoring standalone config file in https://github.com/reposense/testrepo-Delta.git (master).
09:21:01 - ?[43;30m[WARNING]?[m Duplicate alias harryggg found. The alias will belong to the last author - harryggg
09:21:01 - ?[43;30m[WARNING]?[m Duplicate alias fakeauthor found. The alias will belong to the last author - fakeAuthor
09:21:01 - Ignoring standalone config file in https://github.com/reposense/testrepo-Delta.git (master).
09:21:01 - ?[43;30m[WARNING]?[m Duplicate alias harryggg found. The alias will belong to the last author - harryggg
09:21:01 - ?[43;30m[WARNING]?[m Duplicate alias fakeauthor found. The alias will belong to the last author - fakeAuthor
09:21:01 - Ignoring standalone config file in https://github.com/reposense/testrepo-Delta.git (master).
]]></system-err>
</testsuite>
