<?xml version="1.0" encoding="UTF-8"?>
<testsuite name="reposense.git.GitDiffTest" tests="5" skipped="0" failures="0" errors="0" timestamp="2024-01-18T13:20:42" hostname="TOP-WASHING-POW" time="7.206">
  <properties/>
  <testcase name="diffCommit_commitContainingSubmodule_ignoresSubmodule()" classname="reposense.git.GitDiffTest" time="3.298"/>
  <testcase name="diffCommit_emptyCommitHash_emptyResult()" classname="reposense.git.GitDiffTest" time="1.965"/>
  <testcase name="diffCommit_latestCommitHash_emptyResult()" classname="reposense.git.GitDiffTest" time="0.691"/>
  <testcase name="diffCommit_nonexistentCommitHash_throwsRunTimeException()" classname="reposense.git.GitDiffTest" time="0.659"/>
  <testcase name="diffCommit_validCommitHash_success()" classname="reposense.git.GitDiffTest" time="0.581"/>
  <system-out><![CDATA[]]></system-out>
  <system-err><![CDATA[09:20:48 - ?[43;30m[WARNING]?[m Unable to run git remote command in directory: C:\path/to/repo.git
09:20:48 - ?[43;30m[WARNING]?[m Unable to run git remote command in directory: /Users/sikai/RepoSense
]]></system-err>
</testsuite>
