<?xml version="1.0" encoding="UTF-8"?>
<testsuite name="reposense.authorship.AnnotatorAnalyzerTest" tests="20" skipped="0" failures="0" errors="0" timestamp="2024-01-18T13:20:43" hostname="TOP-WASHING-POW" time="10.339">
  <properties/>
  <testcase name="extractAuthorName_matchMarkdownCommentPattern5_returnAuthorName()" classname="reposense.authorship.AnnotatorAnalyzerTest" time="1.55"/>
  <testcase name="extractAuthorName_matchCommentPattern6_returnAuthorName()" classname="reposense.authorship.AnnotatorAnalyzerTest" time="0.319"/>
  <testcase name="getCommentType_matchCommentPattern2_success()" classname="reposense.authorship.AnnotatorAnalyzerTest" time="1.198"/>
  <testcase name="extractAuthorName_matchCommentPattern1_returnAuthorName()" classname="reposense.authorship.AnnotatorAnalyzerTest" time="0.568"/>
  <testcase name="analyzeAnnotation_authorNameNotInConfigAndHaveAuthorConfigFile_disownCode()" classname="reposense.authorship.AnnotatorAnalyzerTest" time="0.948"/>
  <testcase name="getCommentType_matchCommentPattern4_success()" classname="reposense.authorship.AnnotatorAnalyzerTest" time="0.472"/>
  <testcase name="getCommentType_matchCommentPattern6_success()" classname="reposense.authorship.AnnotatorAnalyzerTest" time="0.258"/>
  <testcase name="extractAuthorName_matchCommentPattern0_returnAuthorName()" classname="reposense.authorship.AnnotatorAnalyzerTest" time="0.353"/>
  <testcase name="extractAuthorName_matchCommentPattern4_returnAuthorName()" classname="reposense.authorship.AnnotatorAnalyzerTest" time="0.264"/>
  <testcase name="getCommentType_matchCommentPattern1_success()" classname="reposense.authorship.AnnotatorAnalyzerTest" time="0.241"/>
  <testcase name="extractAuthorName_noAuthorName_returnNull()" classname="reposense.authorship.AnnotatorAnalyzerTest" time="0.391"/>
  <testcase name="getCommentType_invalidMarkdownCommentPattern_returnMinus1()" classname="reposense.authorship.AnnotatorAnalyzerTest" time="0.255"/>
  <testcase name="getCommentType_matchCommentPattern3_success()" classname="reposense.authorship.AnnotatorAnalyzerTest" time="0.242"/>
  <testcase name="extractAuthorName_matchCommentPattern3_returnAuthorName()" classname="reposense.authorship.AnnotatorAnalyzerTest" time="0.249"/>
  <testcase name="getCommentType_matchCommentPattern5_success()" classname="reposense.authorship.AnnotatorAnalyzerTest" time="0.196"/>
  <testcase name="analyzeAnnotation_authorNameNotInConfigAndNoAuthorConfigFile_acceptTaggedAuthor()" classname="reposense.authorship.AnnotatorAnalyzerTest" time="1.592"/>
  <testcase name="analyzeAnnotation_authorNamePresentInConfig_overrideAuthorship()" classname="reposense.authorship.AnnotatorAnalyzerTest" time="0.434"/>
  <testcase name="getCommentType_invalidCommentPattern_returnMinus1()" classname="reposense.authorship.AnnotatorAnalyzerTest" time="0.335"/>
  <testcase name="getCommentType_matchCommentPattern0_success()" classname="reposense.authorship.AnnotatorAnalyzerTest" time="0.237"/>
  <testcase name="extractAuthorName_matchCommentPattern2_returnAuthorName()" classname="reposense.authorship.AnnotatorAnalyzerTest" time="0.204"/>
  <system-out><![CDATA[]]></system-out>
  <system-err><![CDATA[09:20:47 - ?[43;30m[WARNING]?[m Ignoring unknown value no in yes column.
09:20:47 - ?[43;30m[WARNING]?[m Unable to run git remote command in directory: path/to/repo/.git
09:20:47 - ?[43;30m[WARNING]?[m Ignoring unknown value no in yes column.
09:20:47 - ?[43;30m[WARNING]?[m Unable to run git remote command in directory: file://path/to/repo.git
09:20:47 - ?[43;30m[WARNING]?[m Ignoring unknown value affirmative in yes column.
09:20:47 - ?[43;30m[WARNING]?[m Unable to run git remote command in directory: file://path/to/repo
09:20:47 - ?[43;30m[WARNING]?[m Ignoring unknown value affirmative in yes column.
09:20:47 - ?[43;30m[WARNING]?[m Unable to run git remote command in directory: file:///path/to/repo
09:20:47 - ?[43;30m[WARNING]?[m Ignoring unknown value affirmative in yes column.
09:20:48 - Parsed header of CSV file, groupconfig_missingOptionalHeader_test.csv, and recognized columns: Globs,  Group Name
09:20:48 - Analyzing commits info for https://github.com/reposense/testrepo-Alpha.git (1192-CommitInfoAnalyzerTest-analyzeCommits_commitsWithBinaryContribution_success)...
09:20:48 - ?[43;30m[WARNING]?[m Unable to run git remote command in directory: /Users/sikai/RepoSense
09:20:49 - Parsed header of CSV file, author-config.csv, and recognized columns: Author's Emails,  Repository's Location,  Author's GitHub ID,  Branch,  Author's Display Name,  Ignore Glob List,  Author's Git Author Name
09:20:50 - ?[43;30m[WARNING]?[m Line 4 in CSV file, repoconfig_zeroValidRecords_test.csv, is malformed.
Content: ,master,java,docs**,no,823fdd73f7d3feae86d3075ee5706f5f001b73a5,
09:20:53 - Extracting relevant file info from https://github.com/reposense/testrepo-Alpha.git (master)...
]]></system-err>
</testsuite>
