<?xml version="1.0" encoding="UTF-8"?>
<testsuite name="reposense.commits.CommitInfoAnalyzerTest" tests="18" skipped="1" failures="0" errors="0" timestamp="2024-01-18T13:20:42" hostname="TOP-WASHING-POW" time="16.195">
  <properties/>
  <testcase name="analyzeCommits_commitsWithMultipleTagsAndDifferentTimeZone_success()" classname="reposense.commits.CommitInfoAnalyzerTest" time="2.165"/>
  <testcase name="analyzeCommits_duplicateAuthorsDuplicateCommits_success()" classname="reposense.commits.CommitInfoAnalyzerTest" time="3.374"/>
  <testcase name="analyzeCommits_commitsWithBinaryFileContribution_success()" classname="reposense.commits.CommitInfoAnalyzerTest" time="1.396"/>
  <testcase name="analyzeCommits_fakeMainAuthorNoIgnoredCommitsNoDateRange_success()" classname="reposense.commits.CommitInfoAnalyzerTest" time="0.936"/>
  <testcase name="analyzeCommits_emptyCommits_success()" classname="reposense.commits.CommitInfoAnalyzerTest" time="1.175"/>
  <testcase name="analyzeCommits_multipleCommitsWithCommitMessageBody_success()" classname="reposense.commits.CommitInfoAnalyzerTest" time="1.624"/>
  <testcase name="analyzeCommits_emptyCommitsWithDifferentTimeZone_success()" classname="reposense.commits.CommitInfoAnalyzerTest" time="0.638"/>
  <testcase name="analyzeCommits_allAuthorSingleCommitIgnoredNoDateRange_success()" classname="reposense.commits.CommitInfoAnalyzerTest" time="0.372"/>
  <testcase name="analyzeCommits_eugeneAuthorNoIgnoredCommitsNoDateRange_success()" classname="reposense.commits.CommitInfoAnalyzerTest" time="0.447"/>
  <testcase name="analyzeCommits_noCommitMessage_success()" classname="reposense.commits.CommitInfoAnalyzerTest" time="0.62"/>
  <testcase name="analyzeCommits_commitsWithEmptyCommitMessageTitleOrBody_success()" classname="reposense.commits.CommitInfoAnalyzerTest" time="0.53"/>
  <testcase name="analyzeCommits_allAuthorNoIgnoredCommitsNoDateRange_success()" classname="reposense.commits.CommitInfoAnalyzerTest" time="0.591"/>
  <testcase name="analyzeCommits_emailWithAdditionOperator_success()" classname="reposense.commits.CommitInfoAnalyzerTest" time="0.469"/>
  <testcase name="analyzeCommits_allAuthorMultipleCommitIgnoredNoDateRange_success()" classname="reposense.commits.CommitInfoAnalyzerTest" time="0.427"/>
  <testcase name="analyzeCommits_multipleCommitsWithCommitMessageBodyAndDifferentTimeZone_success()" classname="reposense.commits.CommitInfoAnalyzerTest" time="0.431"/>
  <testcase name="analyzeCommits_fileNameWithSpecialChars_success()" classname="reposense.commits.CommitInfoAnalyzerTest" time="0.119">
    <skipped/>
  </testcase>
  <testcase name="analyzeCommits_mergeCommits_success()" classname="reposense.commits.CommitInfoAnalyzerTest" time="0.502"/>
  <testcase name="analyzeCommits_commitsWithMultipleTags_success()" classname="reposense.commits.CommitInfoAnalyzerTest" time="0.358"/>
  <system-out><![CDATA[]]></system-out>
  <system-err><![CDATA[09:20:42 - Extracting commits info for https://github.com/reposense/testrepo-Alpha.git (879-CommitInfoAnalyzerTest-analyzeCommits_commitsWithMultipleTags_success)...
09:20:44 - ?[43;30m[WARNING]?[m Duplicate alias fakeauthor found. The alias will belong to the last author - fakeAuthor
09:20:44 - ?[43;30m[WARNING]?[m Duplicate alias fakeAuthor@users.noreply.github.com found. The alias will belong to the last author - fakeAuthor
09:20:44 - ?[43;30m[WARNING]?[m Duplicate alias fakeAuthor@users.noreply.gitlab.com found. The alias will belong to the last author - fakeAuthor
09:20:44 - Extracting commits info for https://github.com/reposense/testrepo-Alpha.git (master)...
09:20:47 - Extracting commits info for https://github.com/reposense/testrepo-Alpha.git (1192-CommitInfoAnalyzerTest-analyzeCommits_commitsWithBinaryContribution_success)...
09:20:47 - ?[43;30m[WARNING]?[m Unable to run git remote command in directory: path\to\repo
09:20:47 - Cloning from https://github.com/reposense/testrepo-Beta.git...
09:20:49 - Parsed header of CSV file, repo-config.csv, and recognized columns: Ignore Standalone Config,  Repository's Location,  Branch,  Shallow Cloning,  File formats,  Ignore Glob List,  Ignore Authors List,  Find Previous Authors,  Ignore Commits List
09:20:49 - Extracting commits info for https://github.com/reposense/testrepo-Alpha.git (master)...
09:20:50 - Extracting commits info for https://github.com/reposense/testrepo-Alpha.git (1019-CommitInfoAnalyzerTest-emptyCommits)...
09:20:50 - Parsed header of CSV file, author-config.csv, and recognized columns: Author's Emails,  Repository's Location,  Author's GitHub ID,  Branch,  Author's Display Name,  Ignore Glob List,  Author's Git Author Name
09:20:51 - Extracting commits info for https://github.com/reposense/testrepo-Alpha.git (751-CommitInfoAnalyzerTest-analyzeCommits_multipleCommitsWithCommitMessageBody_success)...
09:20:53 - Extracting commits info for https://github.com/reposense/testrepo-Alpha.git (1019-CommitInfoAnalyzerTest-emptyCommits)...
09:20:53 - Extracting commits info for https://github.com/reposense/testrepo-Alpha.git (master)...
09:20:54 - Extracting commits info for https://github.com/reposense/testrepo-Alpha.git (master)...
09:20:54 - Extracting commits info for https://github.com/reposense/testrepo-Alpha.git (empty-commit-message)...
09:20:55 - Extracting commits info for https://github.com/reposense/testrepo-Alpha.git (751-CommitInfoAnalyzerTest-analyzeCommits_commitsWithEmptyCommitMessageTitleOrBody_success)...
09:20:55 - Extracting commits info for https://github.com/reposense/testrepo-Alpha.git (master)...
09:20:56 - Extracting commits info for https://github.com/reposense/testrepo-Alpha.git (617-FileAnalyzerTest-analyzeFile_emailWithAdditionOperator_success)...
09:20:56 - Extracting commits info for https://github.com/reposense/testrepo-Alpha.git (master)...
09:20:57 - Extracting commits info for https://github.com/reposense/testrepo-Alpha.git (751-CommitInfoAnalyzerTest-analyzeCommits_multipleCommitsWithCommitMessageBody_success)...
09:20:57 - Extracting commits info for https://github.com/reposense/testrepo-Alpha.git (1882-CommitInfoAnalyzerTest-analyzeCommits_mergeCommits_success)...
09:20:58 - Extracting commits info for https://github.com/reposense/testrepo-Alpha.git (879-CommitInfoAnalyzerTest-analyzeCommits_commitsWithMultipleTags_success)...
]]></system-err>
</testsuite>
