<?xml version="1.0" encoding="UTF-8"?>
<testsuite name="reposense.commits.CommitInfoExtractorTest" tests="2" skipped="0" failures="0" errors="0" timestamp="2024-01-18T13:20:43" hostname="TOP-WASHING-POW" time="4.354">
  <properties/>
  <testcase name="withoutContentTest()" classname="reposense.commits.CommitInfoExtractorTest" time="3.1"/>
  <testcase name="withContentTest()" classname="reposense.commits.CommitInfoExtractorTest" time="1.252"/>
  <system-out><![CDATA[]]></system-out>
  <system-err><![CDATA[09:20:43 - Extracting commits info for https://github.com/reposense/testrepo-Alpha.git (master)...
09:20:43 - Analyzing commits info for https://github.com/reposense/testrepo-Alpha.git (879-CommitInfoAnalyzerTest-analyzeCommits_commitsWithMultipleTags_success)...
09:20:43 - Extracting relevant file info from https://github.com/reposense/testrepo-Alpha.git (1647-FileAnalyzerTest-analyzeTextFile_fileExceedingFileSizeLimit_success)...
09:20:46 - Extracting commits info for https://github.com/reposense/testrepo-Alpha.git (master)...
]]></system-err>
</testsuite>
