<?xml version="1.0" encoding="UTF-8"?>
<testsuite name="reposense.git.GitLogTest" tests="16" skipped="0" failures="0" errors="0" timestamp="2024-01-18T13:20:42" hostname="TOP-WASHING-POW" time="14.169">
  <properties/>
  <testcase name="gitLog_existingFormats_hasContent()" classname="reposense.git.GitLogTest" time="2.591"/>
  <testcase name="gitLog_fakeAuthorNameWithSpecialCharacter_success()" classname="reposense.git.GitLogTest" time="2.322"/>
  <testcase name="gitLog_emailWithAdditionOperator_success()" classname="reposense.git.GitLogTest" time="1.14"/>
  <testcase name="gitLog_validIgnoreGlobs_success()" classname="reposense.git.GitLogTest" time="2.088"/>
  <testcase name="gitLog_untilDateBeforeAnyCommit_noContent()" classname="reposense.git.GitLogTest" time="0.446"/>
  <testcase name="gitLog_invalidIgnoreGlobs_filtered()" classname="reposense.git.GitLogTest" time="2.229"/>
  <testcase name="gitLog_fakeAuthorNameOnly_success()" classname="reposense.git.GitLogTest" time="0.448"/>
  <testcase name="gitLog_authorNameIncorrectCase_success()" classname="reposense.git.GitLogTest" time="0.242"/>
  <testcase name="gitLog_authorIgnoreAllJavaFiles_success()" classname="reposense.git.GitLogTest" time="0.245"/>
  <testcase name="gitLog_authorWithAllCharactersRegexAlias_emptyResult()" classname="reposense.git.GitLogTest" time="0.302"/>
  <testcase name="gitLog_sinceDateInFuture_noContent()" classname="reposense.git.GitLogTest" time="0.252"/>
  <testcase name="gitLog_invalidUntilDateBeforeAnyCommit_noContent()" classname="reposense.git.GitLogTest" time="0.304"/>
  <testcase name="gitLog_includeAllJavaFiles_success()" classname="reposense.git.GitLogTest" time="0.384"/>
  <testcase name="gitLog_nonExistingFormats_noContent()" classname="reposense.git.GitLogTest" time="0.284"/>
  <testcase name="gitLog_invalidSinceDateInFuture_noContent()" classname="reposense.git.GitLogTest" time="0.352"/>
  <testcase name="gitLog_includeAllJavaFilesAuthorIgnoreMovedFile_success()" classname="reposense.git.GitLogTest" time="0.524"/>
  <system-out><![CDATA[]]></system-out>
  <system-err><![CDATA[09:20:47 - ?[43;30m[WARNING]?[m File "largeFile.json" has 1936170B size. The file size limit is set at 500000B. Exact line diffs will be excluded from report...
09:20:47 - Parsed header of CSV file, repo-config.csv, and recognized columns: Ignore Standalone Config,  Repository's Location,  Branch,  Shallow Cloning,  File formats,  Ignore Glob List,  Ignore Authors List,  Find Previous Authors,  Ignore Commits List
09:20:48 - ?[43;30m[WARNING]?[m Unable to run git remote command in directory: /Users/sikai/RepoSense
09:20:48 - ?[43;30m[WARNING]?[m Unable to run git remote command in directory: C:\path\to\repo.git
09:20:48 - ?[43;30m[WARNING]?[m Line 11 in CSV file, repoconfig_redundantLines_test.csv, is malformed.
Content: [EMPTY LINE]
09:20:48 - ?[43;30m[WARNING]?[m Line 12 in CSV file, repoconfig_redundantLines_test.csv, is malformed.
Content: [EMPTY LINE]
09:20:48 - ?[43;30m[WARNING]?[m Line 13 in CSV file, repoconfig_redundantLines_test.csv, is malformed.
Content: [EMPTY LINE]
09:20:48 - ?[43;30m[WARNING]?[m Line 14 in CSV file, repoconfig_redundantLines_test.csv, is malformed.
Content: [EMPTY LINE]
09:20:48 - ?[43;30m[WARNING]?[m Line 15 in CSV file, repoconfig_redundantLines_test.csv, is malformed.
Content: [EMPTY LINE]
09:20:50 - Analyzing commits info for https://github.com/reposense/testrepo-Alpha.git (1019-CommitInfoAnalyzerTest-emptyCommits)...
09:20:50 - ?[43;30m[WARNING]?[m ../testrepo-Alpha will be skipped as this glob points to the outside of the repository.
09:20:51 - ?[43;30m[WARNING]?[m ../*.java will be skipped as this glob points to the outside of the repository.
09:20:54 - Analyzing commits info for https://github.com/reposense/testrepo-Alpha.git (master)...
09:20:54 - ?[43;30m[WARNING]?[m Date of 1969-01-01T00:00 must not be earlier than 1970-01-01T00:00:00, resetting it to earliest valid date
09:20:54 - ?[43;30m[WARNING]?[m File "largeFile.json" has 1936170B size. The file size limit is set at 500000B. Exact line diffs will be excluded from report...
09:20:55 - ?[43;30m[WARNING]?[m Date of 2100-01-01T00:00 must not be later than 2099-12-31T23:59:59, resetting it to latest valid date
09:20:55 - Analyzing commits info for https://github.com/reposense/testrepo-Alpha.git (master)...
]]></system-err>
</testsuite>
