<?xml version="1.0" encoding="UTF-8"?>
<testsuite name="reposense.util.TestUtilTest" tests="4" skipped="0" failures="0" errors="0" timestamp="2024-01-18T13:20:35" hostname="TOP-WASHING-POW" time="0.055">
  <properties/>
  <testcase name="loadResource_validFileWithManySymbols_success()" classname="reposense.util.TestUtilTest" time="0.032"/>
  <testcase name="loadResource_validFileWithNoSpecialCharacters_success()" classname="reposense.util.TestUtilTest" time="0.008"/>
  <testcase name="loadResource_validFileWithPlus_success()" classname="reposense.util.TestUtilTest" time="0.004"/>
  <testcase name="loadResource_validFileWithSpace_success()" classname="reposense.util.TestUtilTest" time="0.004"/>
  <system-out><![CDATA[]]></system-out>
  <system-err><![CDATA[]]></system-err>
</testsuite>
