<?xml version="1.0" encoding="UTF-8"?>
<testsuite name="reposense.model.FileTypeTest" tests="8" skipped="0" failures="0" errors="0" timestamp="2024-01-18T13:20:46" hostname="TOP-WASHING-POW" time="0.021">
  <properties/>
  <testcase name="isFileGlobMatching_nonMatchingFormat_success()" classname="reposense.model.FileTypeTest" time="0.001"/>
  <testcase name="validateFileTypeLabel_emptyLabel_throwsIllegalArgumentException()" classname="reposense.model.FileTypeTest" time="0.002"/>
  <testcase name="validateFileFormat_specialCharacters_throwsIllegalArgumentException()" classname="reposense.model.FileTypeTest" time="0.002"/>
  <testcase name="isFileGlobMatching_nonMatchingGroup_success()" classname="reposense.model.FileTypeTest" time="0.001"/>
  <testcase name="validateFileFormat_isAlphaNumeric_success()" classname="reposense.model.FileTypeTest" time="0.0"/>
  <testcase name="validateFileTypeLabel_validLabel_success()" classname="reposense.model.FileTypeTest" time="0.001"/>
  <testcase name="isFileGlobMatching_matchingFormat_success()" classname="reposense.model.FileTypeTest" time="0.004"/>
  <testcase name="isFileGlobMatching_matchingGroup_success()" classname="reposense.model.FileTypeTest" time="0.002"/>
  <system-out><![CDATA[]]></system-out>
  <system-err><![CDATA[]]></system-err>
</testsuite>
