<?xml version="1.0" encoding="UTF-8"?>
<testsuite name="reposense.util.FileUtilTest" tests="5" skipped="0" failures="0" errors="0" timestamp="2024-01-18T13:20:35" hostname="TOP-WASHING-POW" time="0.517">
  <properties/>
  <testcase name="zipFoldersAndFiles_validLocation_success()" classname="reposense.util.FileUtilTest" time="0.185"/>
  <testcase name="zipFoldersAndFiles_onlyRelevantFiles_success()" classname="reposense.util.FileUtilTest" time="0.254"/>
  <testcase name="unzip_invalidZipFile_fail()" classname="reposense.util.FileUtilTest" time="0.013"/>
  <testcase name="zipFoldersAndFiles_validFileType_success()" classname="reposense.util.FileUtilTest" time="0.026"/>
  <testcase name="unzip_validZipFile_success()" classname="reposense.util.FileUtilTest" time="0.03"/>
  <system-out><![CDATA[]]></system-out>
  <system-err><![CDATA[09:20:35 - Cloning from https://github.com/reposense/testrepo-Alpha.git...
09:20:35 - Cloning from https://github.com/reposense/testrepo-Alpha.git...
09:20:35 - Cloning from https://github.com/reposense/testrepo-Alpha.git...
09:20:35 - Cloning from https://github.com/reposense/testrepo-Alpha.git...
09:20:35 - Cloning from https://github.com/reposense/testrepo-Alpha.git...
09:20:35 - Cloning from https://github.com/reposense/testrepo-Alpha.git...
09:20:35 - Cloning from https://github.com/reposense/testrepo-Alpha.git...
09:20:35 - Cloning from https://github.com/reposense/testrepo-Alpha.git...
09:20:35 - Cloning from https://github.com/reposense/testrepo-Alpha.git...
09:20:35 - Cloning from https://github.com/reposense/testrepo-Alpha.git...
09:20:35 - Cloning from https://github.com/reposense/testrepo-Alpha.git...
09:20:35 - Cloning from https://github.com/reposense/testrepo-Alpha.git...
09:20:35 - Cloning from https://github.com/reposense/testrepo-Alpha.git...
09:20:35 - Cloning from https://github.com/reposense/testrepo-Alpha.git...
09:20:35 - Cloning from https://github.com/reposense/testrepo-Alpha.git...
09:20:35 - Cloning from https://github.com/reposense/testrepo-Alpha.git...
09:20:35 - Cloning from https://github.com/reposense/testrepo-Alpha.git...
09:20:35 - Cloning from https://github.com/reposense/testrepo-Alpha.git...
09:20:35 - Cloning from https://github.com/reposense/testrepo-Alpha.git...
]]></system-err>
</testsuite>
