<?xml version="1.0" encoding="UTF-8"?>
<testsuite name="reposense.git.GitRevListTest" tests="14" skipped="0" failures="0" errors="0" timestamp="2024-01-18T13:20:41" hostname="TOP-WASHING-POW" time="12.182">
  <properties/>
  <testcase name="getCommitHashInRange_nullStartHash_success()" classname="reposense.git.GitRevListTest" time="1.43"/>
  <testcase name="getCommitHashInRange_invalidStartAndEndHash_emptyResult()" classname="reposense.git.GitRevListTest" time="1.994"/>
  <testcase name="getCommitHashInRange_nullStartAndEndHash_emptyResult()" classname="reposense.git.GitRevListTest" time="1.028"/>
  <testcase name="getIsEmptyRepo_success()" classname="reposense.git.GitRevListTest" time="1.254"/>
  <testcase name="getCommitHashInRange_invalidEndHash_success()" classname="reposense.git.GitRevListTest" time="1.048"/>
  <testcase name="getCommitHashUntilDate_beforeInitialCommitDate_emptyResult()" classname="reposense.git.GitRevListTest" time="0.628"/>
  <testcase name="getCommitHashBeforeDate_invalidBranch_throwsRunTimeException()" classname="reposense.git.GitRevListTest" time="0.636"/>
  <testcase name="getCommitHashInRange_nullEndHash_success()" classname="reposense.git.GitRevListTest" time="0.314"/>
  <testcase name="getRootCommits_success()" classname="reposense.git.GitRevListTest" time="0.468"/>
  <testcase name="getCommitHashUntilDate_februaryNineDate_success()" classname="reposense.git.GitRevListTest" time="0.809"/>
  <testcase name="getCommitHashUntilDate_afterLatestCommitDate_success()" classname="reposense.git.GitRevListTest" time="1.058"/>
  <testcase name="getCommitHashBeforeDate_nullDate_emptyResult()" classname="reposense.git.GitRevListTest" time="0.367"/>
  <testcase name="getCommitHashInRange_invalidStartHash_success()" classname="reposense.git.GitRevListTest" time="0.776"/>
  <testcase name="getCommitHashInRange_sameStartAndEndHash_success()" classname="reposense.git.GitRevListTest" time="0.35"/>
  <system-out><![CDATA[]]></system-out>
  <system-err><![CDATA[09:20:41 - Cloning completed!
09:20:41 - Cloning completed!
09:20:41 - Cloning completed!
09:20:41 - Cloning completed!
09:20:41 - Cloning completed!
09:20:41 - Cloning completed!
09:20:41 - Cloning completed!
09:20:41 - Cloning completed!
09:20:41 - Cloning completed!
09:20:41 - Cloning completed!
09:20:41 - Cloning completed!
09:20:41 - Cloning completed!
09:20:45 - ?[43;30m[WARNING]?[m Commit not found: nonExistentCommitHash
09:20:47 - Analyzing commits info for https://github.com/reposense/testrepo-Alpha.git (master)...
09:20:52 - Extracting relevant file info from https://github.com/reposense/testrepo-Alpha.git (master)...
09:20:52 - Cloning from https://github.com/reposense/testrepo-Delta.git...
09:20:52 - Analyzing commits info for https://github.com/reposense/testrepo-Alpha.git (751-CommitInfoAnalyzerTest-analyzeCommits_multipleCommitsWithCommitMessageBody_success)...
09:20:53 - Analyzing commits info for https://github.com/reposense/testrepo-Alpha.git (1019-CommitInfoAnalyzerTest-emptyCommits)...
]]></system-err>
</testsuite>
