<?xml version="1.0" encoding="UTF-8"?>
<testsuite name="reposense.model.RunConfigurationDeciderTest" tests="3" skipped="0" failures="0" errors="0" timestamp="2024-01-18T13:20:47" hostname="TOP-WASHING-POW" time="0.057">
  <properties/>
  <testcase name="parse_reposAndConfigNotSpecified_returnsConfigRunConfiguration()" classname="reposense.model.RunConfigurationDeciderTest" time="0.038"/>
  <testcase name="parse_addConfig_returnsConfigRunConfiguration()" classname="reposense.model.RunConfigurationDeciderTest" time="0.01"/>
  <testcase name="parse_addRepos_returnsCliRunConfiguration()" classname="reposense.model.RunConfigurationDeciderTest" time="0.007"/>
  <system-out><![CDATA[]]></system-out>
  <system-err><![CDATA[09:20:47 - ?[43;30m[WARNING]?[m Unable to run git remote command in directory: ../path/to/repo
]]></system-err>
</testsuite>
